[2025-11-11 14:14:53] Class: 1 A F — No teacher email for class '1 A F'
[2025-11-11 14:14:53] Class: 1 A M — No teacher email for class '1 A M'
[2025-11-11 14:14:53] Class: 1 B F — No teacher email for class '1 B F'
[2025-11-11 14:14:53] Class: 1 B M — No teacher email for class '1 B M'
[2025-11-11 14:14:53] Class: 1 C F — No teacher email for class '1 C F'
[2025-11-11 14:14:53] Class: 1 C M — No teacher email for class '1 C M'
[2025-11-11 14:14:53] Class: 1 DARS F — No teacher email for class '1 DARS F'
[2025-11-11 14:14:53] Class: 10 A F — No teacher email for class '10 A F'
[2025-11-11 14:14:53] Class: 10 A M — No teacher email for class '10 A M'
[2025-11-11 14:14:53] Class: 11 A F — No teacher email for class '11 A F'
[2025-11-11 14:14:53] Class: 11 A M — No teacher email for class '11 A M'
[2025-11-11 14:14:53] Class: 2 A F — No teacher email for class '2 A F'
[2025-11-11 14:14:53] Class: 2 A M — No teacher email for class '2 A M'
[2025-11-11 14:14:53] Class: 2 B F — No teacher email for class '2 B F'
[2025-11-11 14:14:53] Class: 2 B M — No teacher email for class '2 B M'
[2025-11-11 14:14:53] Class: 2 C F — No teacher email for class '2 C F'
[2025-11-11 14:14:53] Class: 2 C M — No teacher email for class '2 C M'
[2025-11-11 14:14:53] Class: 2 D F — No teacher email for class '2 D F'
[2025-11-11 14:14:53] Class: 2 DARS F — No teacher email for class '2 DARS F'
[2025-11-11 14:14:53] Class: 3 A F — No teacher email for class '3 A F'
[2025-11-11 14:14:53] Class: 3 A M — No teacher email for class '3 A M'
[2025-11-11 14:14:53] Class: 3 B F — No teacher email for class '3 B F'
[2025-11-11 14:14:53] Class: 3 B M — No teacher email for class '3 B M'
[2025-11-11 14:14:53] Class: 3 C F — No teacher email for class '3 C F'
[2025-11-11 14:14:53] Class: 3 C M — No teacher email for class '3 C M'
[2025-11-11 14:14:53] Class: 4 A F — No teacher email for class '4 A F'
[2025-11-11 14:14:53] Class: 4 A M — No teacher email for class '4 A M'
[2025-11-11 14:14:53] Class: 4 B F — No teacher email for class '4 B F'
[2025-11-11 14:14:53] Class: 4 B M — No teacher email for class '4 B M'
[2025-11-11 14:14:53] Class: 4 C F — No teacher email for class '4 C F'
[2025-11-11 14:14:53] Class: 4 C M — No teacher email for class '4 C M'
[2025-11-11 14:14:53] Class: 5 A F — No teacher email for class '5 A F'
[2025-11-11 14:14:53] Class: 5 A M — No teacher email for class '5 A M'
[2025-11-11 14:14:53] Class: 5 B F — No teacher email for class '5 B F'
[2025-11-11 14:14:57] Class: 5 C F — No teacher email for class '5 C F'
[2025-11-11 14:14:57] Class: 6 A F — No teacher email for class '6 A F'
[2025-11-11 14:14:57] Class: 6 A M — No teacher email for class '6 A M'
[2025-11-11 14:14:57] Class: 6 B F — No teacher email for class '6 B F'
[2025-11-11 14:14:57] Class: 6 B M — No teacher email for class '6 B M'
[2025-11-11 14:14:57] Class: 7 A F — No teacher email for class '7 A F'
[2025-11-11 14:14:57] Class: 7 A M — No teacher email for class '7 A M'
[2025-11-11 14:14:57] Class: 7 B F — No teacher email for class '7 B F'
[2025-11-11 14:14:57] Class: 7 B M — No teacher email for class '7 B M'
[2025-11-11 14:14:57] Class: 8 A M — No teacher email for class '8 A M'
[2025-11-11 14:14:57] Class: 8 B M — No teacher email for class '8 B M'
[2025-11-11 14:14:57] Class: 9 A F — No teacher email for class '9 A F'
[2025-11-11 14:14:57] Class: 9 A M — No teacher email for class '9 A M'
[2025-11-11 14:14:57] Class: AJSN — No teacher email for class 'AJSN'
